This file contains any messages produced by compilers while
running configure, to aid debugging if configure makes a mistake.

It was created by configure, which was
generated by GNU Autoconf 2.69.  Invocation command line was

  $ ../binutils-2.43/configure --target= --prefix= --with-sysroot --disable-nls --disable-werror

## --------- ##
## Platform. ##
## --------- ##

hostname = DESKTOP-KQ4OI5P
uname -m = x86_64
uname -r = 3.5.4-1.x86_64
uname -s = CYGWIN_NT-10.0-19045
uname -v = 2024-08-25 16:52 UTC

/usr/bin/uname -p = unknown
/bin/uname -X     = unknown

/bin/arch              = x86_64
/usr/bin/arch -k       = unknown
/usr/convex/getsysinfo = unknown
/usr/bin/hostinfo      = unknown
/bin/machine           = unknown
/usr/bin/oslevel       = unknown
/bin/universe          = unknown

PATH: /usr/local/bin
PATH: /usr/bin
PATH: /cygdrive/c/Users/shaun/AppData/Local/Programs/Python/Python312/Scripts
PATH: /cygdrive/c/Users/shaun/AppData/Local/Programs/Python/Python312
PATH: /cygdrive/c/Program Files (x86)/Common Files/Oracle/Java/javapath
PATH: /cygdrive/c/WINDOWS/system32
PATH: /cygdrive/c/WINDOWS
PATH: /cygdrive/c/WINDOWS/System32/Wbem
PATH: /cygdrive/c/WINDOWS/System32/WindowsPowerShell/v1.0
PATH: /cygdrive/c/WINDOWS/System32/OpenSSH
PATH: /cygdrive/c/Program Files/Git/cmd
PATH: /cygdrive/c/Program Files/dotnet
PATH: /cygdrive/c/Program Files (x86)/Microsoft SQL Server/160/DTS/Binn
PATH: /cygdrive/c/Program Files/Azure Data Studio/bin
PATH: /cygdrive/c/Program Files/php-8.3.0
PATH: /cygdrive/c/ProgramData/ComposerSetup/bin
PATH: /cygdrive/c/Program Files/Git LFS
PATH: /cygdrive/c/Program Files/nodejs
PATH: /cygdrive/c/ProgramData/chocolatey/bin
PATH: /cygdrive/c/Users/shaun/AppData/Local/Programs/Python/Python312/Lib/site-packages/torch/lib
PATH: /cygdrive/c/Users/shaun/miniconda3
PATH: /cygdrive/c/Users/shaun/miniconda3/Library/mingw-w64/bin
PATH: /cygdrive/c/Users/shaun/miniconda3/Library/usr/bin
PATH: /cygdrive/c/Users/shaun/miniconda3/Library/bin
PATH: /cygdrive/c/Users/shaun/miniconda3/Scripts
PATH: /cygdrive/c/Users/shaun/AppData/Local/Microsoft/WindowsApps
PATH: /cygdrive/c/Users/shaun/AppData/Local/GitHubDesktop/bin
PATH: /cygdrive/c/Users/shaun/AppData/Local/Programs/Microsoft VS Code/bin
PATH: /cygdrive/c/Users/shaun/.dotnet/tools
PATH: /cygdrive/c/MinGW/bin
PATH: /cygdrive/c/Users/shaun/AppData/Roaming/Composer/vendor/bin
PATH: /cygdrive/c/Users/shaun/AppData/Roaming/npm


## ----------- ##
## Core tests. ##
## ----------- ##

configure:2401: checking build system type
configure:2415: result: x86_64-pc-cygwin
configure:2462: checking host system type
configure:2475: result: x86_64-pc-cygwin
configure:2495: checking target system type
configure:2508: result: x86_64-pc-cygwin
configure:2561: checking for a BSD-compatible install
configure:2629: result: /usr/bin/install -c
configure:2640: checking whether ln works
configure:2662: result: yes
configure:2666: checking whether ln -s works
configure:2670: result: yes
configure:2677: checking for a sed that does not truncate output
configure:2741: result: /usr/bin/sed
configure:2750: checking for gawk
configure:2766: found /usr/bin/gawk
configure:2777: result: gawk
configure:4096: checking to see if cat works as expected
configure:4101: result: yes
configure:4222: checking for gcc
configure:4238: found /cygdrive/c/MinGW/bin/gcc
configure:4249: result: gcc
configure:4478: checking for C compiler version
configure:4487: gcc --version >&5
gcc.exe (MinGW.org GCC-6.3.0-1) 6.3.0
Copyright (C) 2016 Free Software Foundation, Inc.
This is free software; see the source for copying conditions.  There is NO
warranty; not even for MERCHANTABILITY or FITNESS FOR A PARTICULAR PURPOSE.

configure:4498: $? = 0
configure:4487: gcc -v >&5
Using built-in specs.
COLLECT_GCC=C:\MinGW\bin\gcc.exe
COLLECT_LTO_WRAPPER=c:/mingw/bin/../libexec/gcc/mingw32/6.3.0/lto-wrapper.exe
Target: mingw32
Configured with: ../src/gcc-6.3.0/configure --build=x86_64-pc-linux-gnu --host=mingw32 --target=mingw32 --with-gmp=/mingw --with-mpfr --with-mpc=/mingw --with-isl=/mingw --prefix=/mingw --disable-win32-registry --with-arch=i586 --with-tune=generic --enable-languages=c,c++,objc,obj-c++,fortran,ada --with-pkgversion='MinGW.org GCC-6.3.0-1' --enable-static --enable-shared --enable-threads --with-dwarf2 --disable-sjlj-exceptions --enable-version-specific-runtime-libs --with-libiconv-prefix=/mingw --with-libintl-prefix=/mingw --enable-libstdcxx-debug --enable-libgomp --disable-libvtv --enable-nls
Thread model: win32
gcc version 6.3.0 (MinGW.org GCC-6.3.0-1) 
configure:4498: $? = 0
configure:4487: gcc -V >&5
gcc.exe: error: unrecognized command line option '-V'
gcc.exe: fatal error: no input files
compilation terminated.
configure:4498: $? = 1
configure:4487: gcc -qversion >&5
gcc.exe: error: unrecognized command line option '-qversion'; did you mean '--version'?
gcc.exe: fatal error: no input files
compilation terminated.
configure:4498: $? = 1
configure:4518: checking whether the C compiler works
configure:4540: gcc    conftest.c  >&5
configure:4544: $? = 0
configure:4592: result: yes
configure:4595: checking for C compiler default output file name
configure:4597: result: a.exe
configure:4603: checking for suffix of executables
configure:4610: gcc -o conftest.exe    conftest.c  >&5
configure:4614: $? = 0
configure:4636: result: .exe
configure:4658: checking whether we are cross compiling
configure:4666: gcc -o conftest.exe    conftest.c  >&5
configure:4670: $? = 0
configure:4677: ./conftest.exe
configure:4681: $? = 0
configure:4696: result: no
configure:4701: checking for suffix of object files
configure:4723: gcc -c   conftest.c >&5
configure:4727: $? = 0
configure:4748: result: o
configure:4752: checking whether we are using the GNU C compiler
configure:4771: gcc -c   conftest.c >&5
configure:4771: $? = 0
configure:4780: result: yes
configure:4789: checking whether gcc accepts -g
configure:4809: gcc -c -g  conftest.c >&5
configure:4809: $? = 0
configure:4850: result: yes
configure:4867: checking for gcc option to accept ISO C89
configure:4930: gcc  -c -g -O2  conftest.c >&5
configure:4930: $? = 0
configure:4943: result: none needed
configure:4963: checking for gcc option to accept ISO C99
configure:5112: gcc  -c -g -O2  conftest.c >&5
configure:5112: $? = 0
configure:5125: result: none needed
configure:5198: checking for g++
configure:5214: found /cygdrive/c/MinGW/bin/g++
configure:5225: result: g++
configure:5252: checking for C++ compiler version
configure:5261: g++ --version >&5
g++.exe (MinGW.org GCC-6.3.0-1) 6.3.0
Copyright (C) 2016 Free Software Foundation, Inc.
This is free software; see the source for copying conditions.  There is NO
warranty; not even for MERCHANTABILITY or FITNESS FOR A PARTICULAR PURPOSE.

configure:5272: $? = 0
configure:5261: g++ -v >&5
Using built-in specs.
COLLECT_GCC=C:\MinGW\bin\g++.exe
COLLECT_LTO_WRAPPER=c:/mingw/bin/../libexec/gcc/mingw32/6.3.0/lto-wrapper.exe
Target: mingw32
Configured with: ../src/gcc-6.3.0/configure --build=x86_64-pc-linux-gnu --host=mingw32 --with-gmp=/mingw --with-mpfr=/mingw --with-mpc=/mingw --with-isl=/mingw --prefix=/mingw --disable-win32-registry --target=mingw32 --with-arch=i586 --enable-languages=c,c++,objc,obj-c++,fortran,ada --with-pkgversion='MinGW.org GCC-6.3.0-1' --enable-static --enable-shared --enable-threads --with-dwarf2 --disable-sjlj-exceptions --enable-version-specific-runtime-libs --with-libiconv-prefix=/mingw --with-libintl-prefix=/mingw --enable-libstdcxx-debug --with-tune=generic --enable-libgomp --disable-libvtv --enable-nls
Thread model: win32
gcc version 6.3.0 (MinGW.org GCC-6.3.0-1) 
configure:5272: $? = 0
configure:5261: g++ -V >&5
g++.exe: error: unrecognized command line option '-V'
g++.exe: fatal error: no input files
compilation terminated.
configure:5272: $? = 1
configure:5261: g++ -qversion >&5
g++.exe: error: unrecognized command line option '-qversion'; did you mean '--version'?
g++.exe: fatal error: no input files
compilation terminated.
configure:5272: $? = 1
configure:5276: checking whether we are using the GNU C++ compiler
configure:5295: g++ -c   conftest.cpp >&5
configure:5295: $? = 0
configure:5304: result: yes
configure:5313: checking whether g++ accepts -g
configure:5333: g++ -c -g  conftest.cpp >&5
configure:5333: $? = 0
configure:5374: result: yes
configure:5423: checking whether g++ accepts -static-libstdc++ -static-libgcc
configure:5440: g++ -o conftest.exe -g -O2   -static-libstdc++ -static-libgcc conftest.cpp  >&5
configure:5440: $? = 0
configure:5441: result: yes
configure:5505: checking for gnatbind
configure:5535: result: no
configure:5597: checking for gnatmake
configure:5627: result: no
configure:5646: checking whether compiler driver understands Ada and is recent enough
configure:5673: result: no
configure:5727: checking for gdc
configure:5757: result: no
configure:5776: checking whether the D compiler works
configure:5793: result: no
configure:5801: checking how to compare bootstrapped objects
configure:5826: result: cmp --ignore-initial=16 $$f1 $$f2
configure:7970: checking for objdir
configure:7985: result: .libs
configure:8601: checking for isl 0.15 or later
configure:8614: gcc -o conftest.exe -g -O2      -lisl -lmpfr -lgmp conftest.c  -lisl -lgmp >&5
conftest.c:10:26: fatal error: isl/schedule.h: No such file or directory
 #include <isl/schedule.h>
                          ^
compilation terminated.
configure:8614: $? = 1
configure: failed program was:
| /* confdefs.h */
| #define PACKAGE_NAME ""
| #define PACKAGE_TARNAME ""
| #define PACKAGE_VERSION ""
| #define PACKAGE_STRING ""
| #define PACKAGE_BUGREPORT ""
| #define PACKAGE_URL ""
| #define LT_OBJDIR ".libs/"
| /* end confdefs.h.  */
| #include <isl/schedule.h>
| int
| main ()
| {
| isl_options_set_schedule_serialize_sccs (NULL, 0);
|   ;
|   return 0;
| }
configure:8621: result: no
configure:8625: result: required isl version is 0.15 or later
configure:9859: checking for default BUILD_CONFIG
configure:9891: result: 
configure:9896: checking for --enable-vtable-verify
configure:9909: result: no
configure:10587: checking for bison
configure:10603: found /usr/bin/bison
configure:10614: result: bison -y
configure:10634: checking for bison
configure:10650: found /usr/bin/bison
configure:10661: result: bison
configure:10681: checking for gm4
configure:10711: result: no
configure:10681: checking for gnum4
configure:10711: result: no
configure:10681: checking for m4
configure:10697: found /usr/bin/m4
configure:10708: result: m4
configure:10728: checking for flex
configure:10744: found /usr/bin/flex
configure:10755: result: flex
configure:10776: checking for flex
configure:10792: found /usr/bin/flex
configure:10803: result: flex
configure:10823: checking for makeinfo
configure:10839: found /usr/bin/makeinfo
configure:10850: result: makeinfo
configure:10884: checking for expect
configure:10914: result: no
configure:10933: checking for runtest
configure:10963: result: no
configure:11078: checking for ar
configure:11094: found /cygdrive/c/MinGW/bin/ar
configure:11105: result: ar
configure:11219: checking for as
configure:11235: found /cygdrive/c/MinGW/bin/as
configure:11246: result: as
configure:11360: checking for dlltool
configure:11376: found /cygdrive/c/MinGW/bin/dlltool
configure:11387: result: dlltool
configure:11501: checking for dsymutil
configure:11531: result: no
configure:11561: checking for ld
configure:11588: result: c:/mingw/bin/../lib/gcc/mingw32/6.3.0/../../../../mingw32/bin/ld.exe
configure:11783: checking for lipo
configure:11813: result: no
configure:11924: checking for nm
configure:11940: found /cygdrive/c/MinGW/bin/nm
configure:11951: result: nm
configure:12065: checking for ranlib
configure:12081: found /cygdrive/c/MinGW/bin/ranlib
configure:12092: result: ranlib
configure:12201: checking for strip
configure:12217: found /cygdrive/c/MinGW/bin/strip
configure:12228: result: strip
configure:12337: checking for windres
configure:12353: found /cygdrive/c/MinGW/bin/windres
configure:12364: result: windres
configure:12478: checking for windmc
configure:12494: found /cygdrive/c/MinGW/bin/windmc
configure:12505: result: windmc
configure:12619: checking for objcopy
configure:12635: found /cygdrive/c/MinGW/bin/objcopy
configure:12646: result: objcopy
configure:12760: checking for objdump
configure:12776: found /cygdrive/c/MinGW/bin/objdump
configure:12787: result: objdump
configure:12901: checking for otool
configure:12931: result: no
configure:13042: checking for readelf
configure:13058: found /cygdrive/c/MinGW/bin/readelf
configure:13069: result: readelf
configure:13099: checking for -plugin option
configure:13212: WARNING: Failed: ar --plugin liblto_plugin.so rc
configure:13222: result: no
configure:13366: checking for cc
configure:13396: result: no
configure:13366: checking for gcc
configure:13382: found /cygdrive/c/MinGW/bin/gcc
configure:13393: result: gcc
configure:13527: checking for c++
configure:13543: found /cygdrive/c/MinGW/bin/c++
configure:13554: result: c++
configure:13688: checking for gcc
configure:13704: found /cygdrive/c/MinGW/bin/gcc
configure:13715: result: gcc
configure:13844: checking for gfortran
configure:13874: result: no
configure:14005: checking for gccgo
configure:14035: result: no
configure:14166: checking for gdc
configure:14196: result: no
configure:14327: checking for gm2
configure:14357: result: no
configure:14568: checking for ar
configure:14584: found /cygdrive/c/MinGW/bin/ar
configure:14595: result: ar
configure:14798: checking for as
configure:14814: found /cygdrive/c/MinGW/bin/as
configure:14825: result: as
configure:15028: checking for dlltool
configure:15044: found /cygdrive/c/MinGW/bin/dlltool
configure:15055: result: dlltool
configure:15258: checking for dsymutil
configure:15288: result: no
configure:15488: checking for ld
configure:15504: found /cygdrive/c/MinGW/bin/ld
configure:15515: result: ld
configure:15718: checking for lipo
configure:15748: result: no
configure:15948: checking for nm
configure:15964: found /cygdrive/c/MinGW/bin/nm
configure:15975: result: nm
configure:16178: checking for objcopy
configure:16194: found /cygdrive/c/MinGW/bin/objcopy
configure:16205: result: objcopy
configure:16408: checking for objdump
configure:16424: found /cygdrive/c/MinGW/bin/objdump
configure:16435: result: objdump
configure:16638: checking for otool
configure:16668: result: no
configure:16868: checking for ranlib
configure:16884: found /cygdrive/c/MinGW/bin/ranlib
configure:16895: result: ranlib
configure:17098: checking for readelf
configure:17114: found /cygdrive/c/MinGW/bin/readelf
configure:17125: result: readelf
configure:17328: checking for strip
configure:17344: found /cygdrive/c/MinGW/bin/strip
configure:17355: result: strip
configure:17558: checking for windres
configure:17574: found /cygdrive/c/MinGW/bin/windres
configure:17585: result: windres
configure:17788: checking for windmc
configure:17804: found /cygdrive/c/MinGW/bin/windmc
configure:17815: result: windmc
configure:17846: checking where to find the target ar
configure:17869: result: just compiled
configure:17888: checking where to find the target as
configure:17911: result: just compiled
configure:17930: checking where to find the target cc
configure:17963: result: host tool
configure:17972: checking where to find the target c++
configure:18008: result: host tool
configure:18017: checking where to find the target c++ for libstdc++
configure:18053: result: host tool
configure:18062: checking where to find the target dlltool
configure:18085: result: just compiled
configure:18104: checking where to find the target dsymutil
configure:18126: result: host tool
configure:18135: checking where to find the target gcc
configure:18168: result: host tool
configure:18177: checking where to find the target gfortran
configure:18213: result: host tool
configure:18222: checking where to find the target gccgo
configure:18258: result: host tool
configure:18267: checking where to find the target gdc
configure:18303: result: host tool
configure:18312: checking where to find the target gm2
configure:18348: result: host tool
configure:18357: checking where to find the target ld
configure:18380: result: just compiled
configure:18399: checking where to find the target lipo
configure:18421: result: host tool
configure:18430: checking where to find the target nm
configure:18453: result: just compiled
configure:18472: checking where to find the target objcopy
configure:18495: result: just compiled
configure:18514: checking where to find the target objdump
configure:18537: result: just compiled
configure:18556: checking where to find the target otool
configure:18578: result: host tool
configure:18587: checking where to find the target ranlib
configure:18610: result: just compiled
configure:18629: checking where to find the target readelf
configure:18652: result: just compiled
configure:18671: checking where to find the target strip
configure:18694: result: just compiled
configure:18713: checking where to find the target windres
configure:18736: result: just compiled
configure:18755: checking where to find the target windmc
configure:18778: result: just compiled
configure:18825: checking whether to enable maintainer-specific portions of Makefiles
configure:18834: result: no
configure:19071: creating ./config.status

## ---------------------- ##
## Running config.status. ##
## ---------------------- ##

This file was extended by config.status, which was
generated by GNU Autoconf 2.69.  Invocation command line was

  CONFIG_FILES    = 
  CONFIG_HEADERS  = 
  CONFIG_LINKS    = 
  CONFIG_COMMANDS = 
  $ ./config.status 

on DESKTOP-KQ4OI5P

config.status:997: creating Makefile

## ---------------- ##
## Cache variables. ##
## ---------------- ##

ac_cv_build=x86_64-pc-cygwin
ac_cv_c_compiler_gnu=yes
ac_cv_cxx_compiler_gnu=yes
ac_cv_env_AR_FOR_TARGET_set=
ac_cv_env_AR_FOR_TARGET_value=
ac_cv_env_AR_set=
ac_cv_env_AR_value=
ac_cv_env_AS_FOR_TARGET_set=
ac_cv_env_AS_FOR_TARGET_value=
ac_cv_env_AS_set=
ac_cv_env_AS_value=
ac_cv_env_CCC_set=
ac_cv_env_CCC_value=
ac_cv_env_CC_FOR_TARGET_set=
ac_cv_env_CC_FOR_TARGET_value=
ac_cv_env_CC_set=
ac_cv_env_CC_value=
ac_cv_env_CFLAGS_set=
ac_cv_env_CFLAGS_value=
ac_cv_env_CPPFLAGS_set=
ac_cv_env_CPPFLAGS_value=
ac_cv_env_CXXFLAGS_set=
ac_cv_env_CXXFLAGS_value=
ac_cv_env_CXX_FOR_TARGET_set=
ac_cv_env_CXX_FOR_TARGET_value=
ac_cv_env_CXX_set=
ac_cv_env_CXX_value=
ac_cv_env_DLLTOOL_FOR_TARGET_set=
ac_cv_env_DLLTOOL_FOR_TARGET_value=
ac_cv_env_DLLTOOL_set=
ac_cv_env_DLLTOOL_value=
ac_cv_env_DSYMUTIL_FOR_TARGET_set=
ac_cv_env_DSYMUTIL_FOR_TARGET_value=
ac_cv_env_DSYMUTIL_set=
ac_cv_env_DSYMUTIL_value=
ac_cv_env_GCC_FOR_TARGET_set=
ac_cv_env_GCC_FOR_TARGET_value=
ac_cv_env_GDC_FOR_TARGET_set=
ac_cv_env_GDC_FOR_TARGET_value=
ac_cv_env_GFORTRAN_FOR_TARGET_set=
ac_cv_env_GFORTRAN_FOR_TARGET_value=
ac_cv_env_GM2_FOR_TARGET_set=
ac_cv_env_GM2_FOR_TARGET_value=
ac_cv_env_GOC_FOR_TARGET_set=
ac_cv_env_GOC_FOR_TARGET_value=
ac_cv_env_LDFLAGS_set=
ac_cv_env_LDFLAGS_value=
ac_cv_env_LD_FOR_TARGET_set=
ac_cv_env_LD_FOR_TARGET_value=
ac_cv_env_LD_set=
ac_cv_env_LD_value=
ac_cv_env_LIBS_set=
ac_cv_env_LIBS_value=
ac_cv_env_LIPO_FOR_TARGET_set=
ac_cv_env_LIPO_FOR_TARGET_value=
ac_cv_env_LIPO_set=
ac_cv_env_LIPO_value=
ac_cv_env_NM_FOR_TARGET_set=
ac_cv_env_NM_FOR_TARGET_value=
ac_cv_env_NM_set=
ac_cv_env_NM_value=
ac_cv_env_OBJCOPY_FOR_TARGET_set=
ac_cv_env_OBJCOPY_FOR_TARGET_value=
ac_cv_env_OBJCOPY_set=
ac_cv_env_OBJCOPY_value=
ac_cv_env_OBJDUMP_FOR_TARGET_set=
ac_cv_env_OBJDUMP_FOR_TARGET_value=
ac_cv_env_OBJDUMP_set=
ac_cv_env_OBJDUMP_value=
ac_cv_env_OTOOL_FOR_TARGET_set=
ac_cv_env_OTOOL_FOR_TARGET_value=
ac_cv_env_OTOOL_set=
ac_cv_env_OTOOL_value=
ac_cv_env_RANLIB_FOR_TARGET_set=
ac_cv_env_RANLIB_FOR_TARGET_value=
ac_cv_env_RANLIB_set=
ac_cv_env_RANLIB_value=
ac_cv_env_READELF_FOR_TARGET_set=
ac_cv_env_READELF_FOR_TARGET_value=
ac_cv_env_READELF_set=
ac_cv_env_READELF_value=
ac_cv_env_STRIP_FOR_TARGET_set=
ac_cv_env_STRIP_FOR_TARGET_value=
ac_cv_env_STRIP_set=
ac_cv_env_STRIP_value=
ac_cv_env_WINDMC_FOR_TARGET_set=
ac_cv_env_WINDMC_FOR_TARGET_value=
ac_cv_env_WINDMC_set=
ac_cv_env_WINDMC_value=
ac_cv_env_WINDRES_FOR_TARGET_set=
ac_cv_env_WINDRES_FOR_TARGET_value=
ac_cv_env_WINDRES_set=
ac_cv_env_WINDRES_value=
ac_cv_env_build_alias_set=
ac_cv_env_build_alias_value=
ac_cv_env_build_configargs_set=
ac_cv_env_build_configargs_value=
ac_cv_env_host_alias_set=
ac_cv_env_host_alias_value=
ac_cv_env_host_configargs_set=
ac_cv_env_host_configargs_value=
ac_cv_env_target_alias_set=set
ac_cv_env_target_alias_value=
ac_cv_env_target_configargs_set=
ac_cv_env_target_configargs_value=
ac_cv_exeext=.exe
ac_cv_host=x86_64-pc-cygwin
ac_cv_objext=o
ac_cv_path_SED=/usr/bin/sed
ac_cv_path_install='/usr/bin/install -c'
ac_cv_prog_AR=ar
ac_cv_prog_AR_FOR_TARGET=ar
ac_cv_prog_AS=as
ac_cv_prog_AS_FOR_TARGET=as
ac_cv_prog_AWK=gawk
ac_cv_prog_BISON=bison
ac_cv_prog_CC_FOR_TARGET=gcc
ac_cv_prog_CXX_FOR_TARGET=c++
ac_cv_prog_DLLTOOL=dlltool
ac_cv_prog_DLLTOOL_FOR_TARGET=dlltool
ac_cv_prog_FLEX=flex
ac_cv_prog_GCC_FOR_TARGET=gcc
ac_cv_prog_LD=c:/mingw/bin/../lib/gcc/mingw32/6.3.0/../../../../mingw32/bin/ld.exe
ac_cv_prog_LD_FOR_TARGET=ld
ac_cv_prog_LEX=flex
ac_cv_prog_M4=m4
ac_cv_prog_MAKEINFO=makeinfo
ac_cv_prog_NM=nm
ac_cv_prog_NM_FOR_TARGET=nm
ac_cv_prog_OBJCOPY=objcopy
ac_cv_prog_OBJCOPY_FOR_TARGET=objcopy
ac_cv_prog_OBJDUMP=objdump
ac_cv_prog_OBJDUMP_FOR_TARGET=objdump
ac_cv_prog_RANLIB=ranlib
ac_cv_prog_RANLIB_FOR_TARGET=ranlib
ac_cv_prog_READELF=readelf
ac_cv_prog_READELF_FOR_TARGET=readelf
ac_cv_prog_STRIP=strip
ac_cv_prog_STRIP_FOR_TARGET=strip
ac_cv_prog_WINDMC=windmc
ac_cv_prog_WINDMC_FOR_TARGET=windmc
ac_cv_prog_WINDRES=windres
ac_cv_prog_WINDRES_FOR_TARGET=windres
ac_cv_prog_YACC='bison -y'
ac_cv_prog_ac_ct_CC=gcc
ac_cv_prog_ac_ct_CXX=g++
ac_cv_prog_cc_c89=
ac_cv_prog_cc_c99=
ac_cv_prog_cc_g=yes
ac_cv_prog_cxx_g=yes
ac_cv_target=x86_64-pc-cygwin
acx_cv_cc_gcc_supports_ada=no
acx_cv_d_compiler_works=no
acx_cv_prog_LN=ln
gcc_cv_isl=no
gcc_cv_prog_cmp_skip='cmp --ignore-initial=16 $$f1 $$f2'
gcc_cv_tool_dirs=
gcc_cv_tool_prefix=
lt_cv_objdir=.libs

## ----------------- ##
## Output variables. ##
## ----------------- ##

AR='ar'
AR_FOR_BUILD='$(AR)'
AR_FOR_TARGET='$$r/$(HOST_SUBDIR)/binutils/ar'
AR_PLUGIN_OPTION=''
AS='as'
AS_FOR_BUILD='$(AS)'
AS_FOR_TARGET='$$r/$(HOST_SUBDIR)/gas/as-new'
AWK='gawk'
BISON='bison'
BUILD_CONFIG=''
CC='gcc'
CC_FOR_BUILD='$(CC)'
CC_FOR_TARGET='$(CC)'
CFLAGS='-g -O2'
CFLAGS_FOR_BUILD='-g -O2'
CFLAGS_FOR_TARGET='-g -O2'
COMPILER_AS_FOR_TARGET='$(AS_FOR_TARGET)'
COMPILER_LD_FOR_TARGET='$(LD_FOR_TARGET)'
COMPILER_NM_FOR_TARGET='$(NM_FOR_TARGET)'
CONFIGURE_GDB_TK=''
CPPFLAGS=''
CPPFLAGS_FOR_BUILD=''
CPP_FOR_BUILD=''
CXX='g++'
CXXFLAGS='-g -O2'
CXXFLAGS_FOR_BUILD='-g -O2'
CXXFLAGS_FOR_TARGET='-g -O2'
CXX_FOR_BUILD='$(CXX)'
CXX_FOR_TARGET='$(CXX)'
DEBUG_PREFIX_CFLAGS_FOR_TARGET=''
DEFS='-DPACKAGE_NAME=\"\" -DPACKAGE_TARNAME=\"\" -DPACKAGE_VERSION=\"\" -DPACKAGE_STRING=\"\" -DPACKAGE_BUGREPORT=\"\" -DPACKAGE_URL=\"\" -DLT_OBJDIR=\".libs/\"'
DLLTOOL='dlltool'
DLLTOOL_FOR_BUILD='$(DLLTOOL)'
DLLTOOL_FOR_TARGET='$$r/$(HOST_SUBDIR)/binutils/dlltool'
DSYMUTIL='dsymutil'
DSYMUTIL_FOR_BUILD='$(DSYMUTIL)'
DSYMUTIL_FOR_TARGET='$(DSYMUTIL)'
ECHO_C=''
ECHO_N='-n'
ECHO_T=''
EXEEXT='.exe'
EXPECT='expect'
FLAGS_FOR_TARGET=' -L$$r/$(HOST_SUBDIR)/ld'
FLEX='flex'
GCC_FOR_TARGET='$()'
GCC_SHLIB_SUBDIR='/shlib'
GDB_TK=''
GDC='no'
GDCFLAGS='-g -O2'
GDC_FOR_BUILD='$(GDC)'
GDC_FOR_TARGET='$(GDC)'
GFORTRAN_FOR_BUILD='$(GFORTRAN)'
GFORTRAN_FOR_TARGET='$(GFORTRAN)'
GM2_FOR_TARGET='$(GM2)'
GNATBIND='no'
GNATMAKE='no'
GOC_FOR_BUILD='$(GOC)'
GOC_FOR_TARGET='$(GOC)'
HAVE_CXX11=''
HAVE_CXX11_FOR_BUILD=''
INSTALL_DATA='${INSTALL} -m 644'
INSTALL_GDB_TK=''
INSTALL_PROGRAM='${INSTALL}'
INSTALL_SCRIPT='${INSTALL}'
LD='c:/mingw/bin/../lib/gcc/mingw32/6.3.0/../../../../mingw32/bin/ld.exe'
LDFLAGS=''
LDFLAGS_FOR_BUILD=''
LDFLAGS_FOR_TARGET=''
LD_FOR_BUILD='$(LD)'
LD_FOR_TARGET='$$r/$(HOST_SUBDIR)/ld/ld-new'
LEX='flex'
LIBOBJS=''
LIBS=''
LIPO='lipo'
LIPO_FOR_TARGET='$(LIPO)'
LN='ln'
LN_S='ln -s'
LTLIBOBJS=''
M4='m4'
MAINT='#'
MAINTAINER_MODE_FALSE=''
MAINTAINER_MODE_TRUE='#'
MAKEINFO='makeinfo'
NM='nm'
NM_FOR_BUILD='$(NM)'
NM_FOR_TARGET='$$r/$(HOST_SUBDIR)/binutils/nm-new'
OBJCOPY='objcopy'
OBJCOPY_FOR_TARGET='$$r/$(HOST_SUBDIR)/binutils/objcopy'
OBJDUMP='objdump'
OBJDUMP_FOR_TARGET='$$r/$(HOST_SUBDIR)/binutils/objdump'
OBJEXT='o'
OTOOL='otool'
OTOOL_FOR_TARGET='$(OTOOL)'
PACKAGE_BUGREPORT=''
PACKAGE_NAME=''
PACKAGE_STRING=''
PACKAGE_TARNAME=''
PACKAGE_URL=''
PACKAGE_VERSION=''
PATH_SEPARATOR=':'
PGO_BUILD_GEN_CFLAGS=''
PGO_BUILD_LTO_CFLAGS=''
PGO_BUILD_USE_CFLAGS=''
PICFLAG=''
PKG_CONFIG_PATH=''
RANLIB='ranlib'
RANLIB_FOR_BUILD='$(RANLIB)'
RANLIB_FOR_TARGET='$$r/$(HOST_SUBDIR)/binutils/ranlib'
RANLIB_PLUGIN_OPTION=''
RAW_CXX_FOR_TARGET='$(CXX)'
READELF='readelf'
READELF_FOR_TARGET='$$r/$(HOST_SUBDIR)/binutils/readelf'
RPATH_ENVVAR='PATH'
RUNTEST='runtest'
SED='/usr/bin/sed'
SHELL='/bin/sh'
STRIP='strip'
STRIP_FOR_TARGET='$$r/$(HOST_SUBDIR)/binutils/strip-new'
SYSROOT_CFLAGS_FOR_TARGET=''
TOPLEVEL_CONFIGURE_ARGUMENTS='../binutils-2.43/configure --target= --prefix= --with-sysroot --disable-nls --disable-werror'
WINDMC='windmc'
WINDMC_FOR_BUILD='$(WINDMC)'
WINDMC_FOR_TARGET='$$r/$(HOST_SUBDIR)/binutils/windmc'
WINDRES='windres'
WINDRES_FOR_BUILD='$(WINDRES)'
WINDRES_FOR_TARGET='$$r/$(HOST_SUBDIR)/binutils/windres'
YACC='bison -y'
ac_ct_CC='gcc'
ac_ct_CXX='g++'
bindir='${exec_prefix}/bin'
build='x86_64-pc-cygwin'
build_alias=''
build_configargs=' --cache-file=./config.cache '\''--prefix='\'' '\''--with-sysroot'\'' '\''--disable-nls'\'' '\''--disable-werror'\'' --program-transform-name='\''s,y,y,'\'' --disable-option-checking --disable-year2038'
build_configdirs=' libiberty'
build_cpu='x86_64'
build_libsubdir='build-x86_64-pc-cygwin'
build_noncanonical='x86_64-pc-cygwin'
build_os='cygwin'
build_subdir='build-x86_64-pc-cygwin'
build_tooldir='${exec_prefix}/x86_64-pc-cygwin'
build_vendor='pc'
compare_exclusions='gcc/cc*-checksum$(objext) | gcc/ada/*tools/* | gcc/m2/gm2-compiler-boot/M2Version* | gcc/m2/gm2-compiler-boot/SYSTEM* | gcc/m2/gm2version*'
configdirs=' libiberty opcodes bfd zlib libctf libsframe binutils gas ld gprof etc'
datadir='${datarootdir}'
datarootdir='${prefix}/share'
do_compare='cmp --ignore-initial=16 $$f1 $$f2'
docdir='${datarootdir}/doc/${PACKAGE}'
dvidir='${docdir}'
exec_prefix='${prefix}'
extra_host_libiberty_configure_flags=''
extra_host_zlib_configure_flags=''
extra_isl_gmp_configure_flags=''
extra_linker_plugin_configure_flags=''
extra_linker_plugin_flags=''
extra_mpc_gmp_configure_flags=''
extra_mpc_mpfr_configure_flags=''
extra_mpfr_configure_flags=''
gcc_host_pie=''
get_gcc_base_ver='cat'
gmpinc=''
gmplibs='-lmpfr -lgmp'
host='x86_64-pc-cygwin'
host_alias=''
host_configargs=' --cache-file=./config.cache  --with-gnu-as --with-gnu-ld '\''--prefix='\'' '\''--with-sysroot'\'' '\''--disable-nls'\'' '\''--disable-werror'\'' --program-transform-name='\''s,y,y,'\'' --disable-option-checking --disable-year2038'
host_cpu='x86_64'
host_libs_picflag=''
host_noncanonical='x86_64-pc-cygwin'
host_os='cygwin'
host_pie='no'
host_shared='no'
host_subdir='.'
host_vendor='pc'
htmldir='${docdir}'
includedir='${prefix}/include'
infodir='${datarootdir}/info'
islinc=''
isllibs=''
libdir='${exec_prefix}/lib'
libexecdir='${exec_prefix}/libexec'
localedir='${datarootdir}/locale'
localstatedir='${prefix}/var'
mandir='${datarootdir}/man'
oldincludedir='/usr/include'
pdfdir='${docdir}'
poststage1_ldflags='-static-libstdc++ -static-libgcc'
poststage1_libs=''
prefix=''
program_transform_name='s,y,y,'
psdir='${docdir}'
sbindir='${exec_prefix}/sbin'
sharedstatedir='${prefix}/com'
stage1_cflags='-g'
stage1_checking='--enable-checking=yes,types'
stage1_languages=',c,'
stage1_ldflags=''
stage1_libs=''
stage2_werror_flag=''
sysconfdir='${prefix}/etc'
target='x86_64-pc-cygwin'
target_alias=''
target_configargs='--cache-file=./config.cache --enable-multilib   '\''--prefix='\'' '\''--with-sysroot'\'' '\''--disable-nls'\'' '\''--disable-werror'\'' --program-transform-name='\''s,y,y,'\'' --disable-option-checking --disable-year2038'
target_configdirs=''
target_cpu='x86_64'
target_noncanonical='x86_64-pc-cygwin'
target_os='cygwin'
target_subdir='x86_64-pc-cygwin'
target_vendor='pc'
tooldir='${exec_prefix}/x86_64-pc-cygwin'

## ------------------- ##
## File substitutions. ##
## ------------------- ##

alphaieee_frag='/dev/null'
host_makefile_frag='../binutils-2.43/config/mh-cygwin'
ospace_frag='/dev/null'
serialization_dependencies='serdep.tmp'
target_makefile_frag='/dev/null'

## ----------- ##
## confdefs.h. ##
## ----------- ##

/* confdefs.h */
#define PACKAGE_NAME ""
#define PACKAGE_TARNAME ""
#define PACKAGE_VERSION ""
#define PACKAGE_STRING ""
#define PACKAGE_BUGREPORT ""
#define PACKAGE_URL ""
#define LT_OBJDIR ".libs/"

configure: exit 0
